2026-01-22 17:17:44,236 — ERROR — Пропуск: ADRC-GPNG-GEP-RD-0407.000-000-PM-MDR-001.xlsx — подпапка не найдена
2026-01-22 17:17:44,288 — ERROR — Пропуск: GPNG-GEP-RD-0407 001-001-CI-KZ0_rA_RU.pdf — раздел не найден
2026-01-22 17:17:44,826 — ERROR — Пропуск: ADRC-GPNG-GEP-RD-0407.000-000-PM-MDR-001.xlsx — подпапка не найдена
2026-01-22 17:17:45,363 — ERROR — Пропуск: ADRC-GPNG-GEP-RD-0407.000-000-IF-GТ0-CD-001.xlsx — подпапка не найдена
2026-01-22 17:17:45,374 — ERROR — Пропуск: ADRC-GPNG-GEP-RD-0407.000-000-IF-GТ0-DPK-002.xlsx — подпапка не найдена
2026-01-22 17:17:45,385 — ERROR — Пропуск: ADRC-GPNG-GEP-RD-0407.000-000-IF-GТ0-DPK-003.xlsx — подпапка не найдена
2026-01-22 17:17:45,999 — ERROR — Пропуск: ADRC-GPNG-GEP-RD-0407.792-000-PC-TX-DSH-001.xlsx — подпапка не найдена
2026-01-22 17:17:46,101 — ERROR — Пропуск: ADRC-GPNG-GEP-RD-0407.794-000-PC-TX-DSH-001.xlsx — подпапка не найдена
2026-01-22 17:17:46,179 — ERROR — Пропуск: ADRC-GPNG-GEP-RD-0407.791-000-PC-TX-DSH-001.xlsx — подпапка не найдена
2026-01-22 17:17:46,245 — ERROR — Пропуск: ADRC-GPNG-GEP-RD-0407.793-000-PC-TX-DSH-001.xlsx — подпапка не найдена
2026-01-22 17:17:46,858 — ERROR — Пропуск: ADRC-GPNG-GEP-RD-0407.000-000-PM-MDR-001.xlsx — подпапка не найдена
2026-01-22 17:17:46,985 — ERROR — Пропуск: ADRC-GPNG-GEP-RD-0407.501-000-CI-KZ0-BOQ-001.xlsx — подпапка не найдена
2026-01-22 17:17:46,988 — ERROR — Пропуск: ADRC-GPNG-GEP-RD-0407.501-000-CI-KZ0-CD-001.xlsx — подпапка не найдена
2026-01-22 17:17:46,991 — ERROR — Пропуск: ADRC-GPNG-GEP-RD-0407.501-000-CI-KZ0-DWG-002.xlsx — подпапка не найдена
2026-01-22 17:17:46,994 — ERROR — Пропуск: ADRC-GPNG-GEP-RD-0407.501-000-CI-KZ0-DWG-003.xlsx — подпапка не найдена
2026-01-22 17:17:46,997 — ERROR — Пропуск: ADRC-GPNG-GEP-RD-0407.501-000-CI-KZ0-SPE-001.xlsx — подпапка не найдена
2026-01-22 17:17:48,025 — ERROR — Пропуск: ADRC-GPNG-GEP-RD-0407.502-000-CI-KZ0-BOQ-001.xlsx — подпапка не найдена
2026-01-22 17:17:48,030 — ERROR — Пропуск: ADRC-GPNG-GEP-RD-0407.502-000-CI-KZ0-CD-001.xlsx — подпапка не найдена
2026-01-22 17:17:48,033 — ERROR — Пропуск: ADRC-GPNG-GEP-RD-0407.502-000-CI-KZ0-DWG-002.xlsx — подпапка не найдена
2026-01-22 17:17:48,036 — ERROR — Пропуск: ADRC-GPNG-GEP-RD-0407.502-000-CI-KZ0-DWG-003.xlsx — подпапка не найдена
2026-01-22 17:17:48,039 — ERROR — Пропуск: ADRC-GPNG-GEP-RD-0407.502-000-CI-KZ0-SPE-001.xlsx — подпапка не найдена
2026-01-22 17:17:49,863 — ERROR — Пропуск: ADRC-GPNG-GEP-RD-0407.610-000-PC-GSN-DSH-001_rA.xlsx — подпапка не найдена
2026-01-22 17:17:49,992 — ERROR — Пропуск: ADRC-GPNG-GEP-RD-0407.504-000-PC-TX-DSH-001.xlsx — подпапка не найдена
2026-01-22 17:17:50,068 — ERROR — Пропуск: ADRC-GPNG-GEP-RD-0407.000-000-PM-NA-MDR-001.xlsx — подпапка не найдена
2026-01-22 17:17:52,046 — ERROR — Пропуск: ADRC-GPNG-GEP-RD-0407.000-000-IF-NVK0-DSH-001.xlsx — подпапка не найдена
2026-01-22 17:17:52,049 — ERROR — Пропуск: ADRC-GPNG-GEP-RD-0407.000-000-IF-NVK0-DSH-002.xlsx — подпапка не найдена
2026-01-22 17:17:52,052 — ERROR — Пропуск: ADRC-GPNG-GEP-RD-0407.000-000-IF-NVK0-DWG-015.xlsx — подпапка не найдена
2026-01-22 17:17:52,054 — ERROR — Пропуск: ADRC-GPNG-GEP-RD-0407.000-000-IF-NVK0-DWG-016.xlsx — подпапка не найдена
2026-01-22 17:17:53,453 — ERROR — Пропуск: ADRC-GPNG-GEP-RD-0407.792-000-PC-TX-DSH-001.xlsx — подпапка не найдена
2026-01-22 17:17:53,458 — ERROR — Пропуск: ADRC-GPNG-GEP-RD-0407.794-000-PC-TX-DSH-001.xlsx — подпапка не найдена
2026-01-22 17:17:53,580 — ERROR — Пропуск: ADRC-GPNG-GEP-RD-0407.791-000-PC-TX-DSH-001.xlsx — подпапка не найдена
2026-01-22 17:17:53,584 — ERROR — Пропуск: ADRC-GPNG-GEP-RD-0407.793-000-PC-TX-DSH-001.xlsx — подпапка не найдена
2026-01-22 17:17:54,719 — ERROR — Пропуск: ADRC-GPNG-GEP-RD-0407.000-000-IF-NVK0-BOQ-001.xlsx — подпапка не найдена
2026-01-22 17:17:54,722 — ERROR — Пропуск: ADRC-GPNG-GEP-RD-0407.000-000-IF-NVK0-BOQ-002.xlsx — подпапка не найдена
2026-01-22 17:17:54,725 — ERROR — Пропуск: ADRC-GPNG-GEP-RD-0407.000-000-IF-NVK0-CD-001.xlsx — подпапка не найдена
2026-01-22 17:17:55,668 — ERROR — Пропуск: ADRC-GPNG-GEP-RD-0407.000-000-IF-NVK0-CAL-001.xlsx — подпапка не найдена
2026-01-22 17:17:55,672 — ERROR — Пропуск: ADRC-GPNG-GEP-RD-0407.000-000-IF-NVK0-CAL-002.xlsx — подпапка не найдена
2026-01-22 17:17:55,675 — ERROR — Пропуск: ADRC-GPNG-GEP-RD-0407.000-000-IF-NVK0-DWG-003.xlsx — подпапка не найдена
2026-01-22 17:17:55,677 — ERROR — Пропуск: ADRC-GPNG-GEP-RD-0407.000-000-IF-NVK0-PLN-017.xlsx — подпапка не найдена
2026-01-22 17:17:55,681 — ERROR — Пропуск: ADRC-GPNG-GEP-RD-0407.000-000-IF-NVK0-SPE-001.xlsx — подпапка не найдена
2026-01-22 17:18:00,332 — ERROR — Пропуск: ADRC-GPNG-GEP-RD-0407.000-000-PM-MDR-001.xlsx — подпапка не найдена
2026-01-22 17:18:01,801 — ERROR — Пропуск: ADRC-GPNG-GEP-RD-0407.500-000-PC-GSN-DSH-001.xlsx — подпапка не найдена
2026-01-22 17:18:03,556 — ERROR — Пропуск: ADRC-GPNG-GEP-RD-0407.151-000-PC-TX-DSH-001.xlsx — подпапка не найдена
2026-01-22 17:18:03,558 — ERROR — Пропуск: ADRC-GPNG-GEP-RD-0407.793-000-PC-TX-DSH-001.xlsx — подпапка не найдена
2026-01-22 17:18:04,552 — ERROR — Пропуск: ADRC-GPNG-GEP-RD-0407.000-000-IF-GP0-BOQ-001.xlsx — подпапка не найдена
2026-01-22 17:18:05,541 — ERROR — Пропуск: ADRC-GPNG-GEP-RD-0407.610-000-PC-GSN-DSH-001.xlsx — подпапка не найдена
2026-01-22 17:18:05,673 — ERROR — Пропуск: ADRC-GPNG-GEP-RD-0407.000-000-PM-NA-MDR-001.xlsx — подпапка не найдена
2026-01-22 17:18:10,005 — ERROR — Пропуск: ADRC-GPNG-GEP-RD-0407.504-000-PC-TX-DSH-001.xlsx — подпапка не найдена
2026-01-22 17:18:10,774 — ERROR — Пропуск: ADRC-GPNG-GEP-RD-0407.000-000-PM-NA-MDR-001.xlsx — подпапка не найдена
2026-01-22 17:18:12,996 — ERROR — Пропуск: ADRC-GPNG-GEP-RD-0407.000-000-CI-KZ3-DWG-011.xlsx — подпапка не найдена
2026-01-22 17:18:13,002 — ERROR — Пропуск: ADRC-GPNG-GEP-RD-0407.000-000-CI-KZ3-DWG-016.xlsx — подпапка не найдена
2026-01-22 17:18:13,006 — ERROR — Пропуск: ADRC-GPNG-GEP-RD-0407.000-000-CI-KZ3-DWG-038.xlsx — подпапка не найдена
2026-01-22 17:18:13,009 — ERROR — Пропуск: ADRC-GPNG-GEP-RD-0407.000-000-CI-KZ3-DWG-039.xlsx — подпапка не найдена
2026-01-22 17:18:13,012 — ERROR — Пропуск: ADRC-GPNG-GEP-RD-0407.000-000-CI-KZ3-DWG-040.xlsx — подпапка не найдена
2026-01-22 17:18:13,016 — ERROR — Пропуск: ADRC-GPNG-GEP-RD-0407.000-000-CI-KZ3-DWG-041.xlsx — подпапка не найдена
2026-01-22 17:18:15,959 — ERROR — Пропуск: ADRC-GPNG-GEP-RD-0407.000-000-IF-NK02-DSH-001.xlsx — подпапка не найдена
2026-01-22 17:18:17,297 — ERROR — Пропуск: ADRC-GPNG-GEP-RD-0407.000-000-IF-NK01-DSH-001.xlsx — подпапка не найдена
2026-01-22 17:18:17,302 — ERROR — Пропуск: ADRC-GPNG-GEP-RD-0407.000-000-IF-NK01-MRI-001.xlsx — подпапка не найдена
2026-01-22 17:18:17,485 — ERROR — Пропуск: ADRC-GPNG-GEP-RD-0407.000-000-PM-MDR-001.xlsx — подпапка не найдена
2026-01-22 17:18:19,740 — ERROR — Name conflict: C:/Users/YakupovTR/Desktop/misha\Ранние работы\0407.001\GPNG-GEP-RD-0407.001-001-CI-KZ1\Рев. 02\ред.формат\GPNG-GEP-RD-0407.001-001-CI-KZ1-DWG-018_r02_RU_conflict.dwg
2026-01-22 17:18:21,055 — ERROR — Пропуск: GPNG-GEP-RD-0407-501-000-HS-AUPT_rA_RU.pdf — раздел не найден
2026-01-22 17:18:25,356 — ERROR — Пропуск: ADRC-GPNG-GEP-RD-0407.000-000-IF-NK02-DSH-001.xlsx — подпапка не найдена
2026-01-22 17:18:25,432 — ERROR — Пропуск: GPNG-GEP-RD-0407-502-000-HS-AUPT_rA_RU.pdf — раздел не найден
2026-01-22 17:18:26,582 — ERROR — Пропуск: ADRC-GPNG-GEP-RD-0407.000-000-PM-NA-MDR-001.xlsx — подпапка не найдена
2026-01-22 17:18:29,297 — ERROR — Пропуск: GPNG-GEP-RD-0407.000-PM-REP-002_rA_RU.pdf — подпапка не найдена
2026-01-22 17:18:29,299 — ERROR — Пропуск: GPNG-GEP-RD-0407.000-PM-REP-002_rA_RU.pptx — подпапка не найдена
2026-01-22 17:18:30,070 — ERROR — Пропуск: ADRC-GPNG-GEP-RD-0407.000-000-PM-NA-MDR-002.xlsx — подпапка не найдена
